# JRE version: Java(TM) SE Runtime Environment (8.0_131-b11) (build 1.8.0_131-b11)
# Java VM: Java HotSpot(TM) 64-Bit Server VM (25.131-b11 mixed mode windows-amd64 compressed oops)
Heap:
 PSYoungGen      total 388096K, used 248724K [0x000000076b100000, 0x0000000783880000, 0x00000007c0000000)
  eden space 375296K, 66% used [0x000000076b100000,0x000000077a3e5388,0x0000000781f80000)
  from space 12800K, 0% used [0x0000000782c00000,0x0000000782c00000,0x0000000783880000)
  to   space 12800K, 0% used [0x0000000781f80000,0x0000000781f80000,0x0000000782c00000)
 ParOldGen       total 152064K, used 55011K [0x00000006c1200000, 0x00000006ca680000, 0x000000076b100000)
  object space 152064K, 36% used [0x00000006c1200000,0x00000006c47b8c80,0x00000006ca680000)
 Metaspace       used 47414K, capacity 51770K, committed 51968K, reserved 1093632K
  class space    used 6237K, capacity 7367K, committed 7424K, reserved 1048576K
GC Heap History (10 events):
Event: 3477.021 GC heap before
{Heap before GC invocations=48 (full 20):
 PSYoungGen      total 388096K, used 8397K [0x000000076b100000, 0x0000000783980000, 0x00000007c0000000)
  eden space 375296K, 0% used [0x000000076b100000,0x000000076b100000,0x0000000781f80000)
  from space 12800K, 65% used [0x0000000782d00000,0x0000000783533578,0x0000000783980000)
  to   space 13312K, 0% used [0x0000000781f80000,0x0000000781f80000,0x0000000782c80000)
 ParOldGen       total 152064K, used 54829K [0x00000006c1200000, 0x00000006ca680000, 0x000000076b100000)
  object space 152064K, 36% used [0x00000006c1200000,0x00000006c478b528,0x00000006ca680000)
 Metaspace       used 46888K, capacity 51124K, committed 51328K, reserved 1093632K
  class space    used 6187K, capacity 7242K, committed 7296K, reserved 1048576K
Event: 3477.214 GC heap after
Heap after GC invocations=48 (full 20):
 PSYoungGen      total 388096K, used 0K [0x000000076b100000, 0x0000000783980000, 0x00000007c0000000)
  eden space 375296K, 0% used [0x000000076b100000,0x000000076b100000,0x0000000781f80000)
  from space 12800K, 0% used [0x0000000782d00000,0x0000000782d00000,0x0000000783980000)
  to   space 13312K, 0% used [0x0000000781f80000,0x0000000781f80000,0x0000000782c80000)
 ParOldGen       total 152064K, used 54906K [0x00000006c1200000, 0x00000006ca680000, 0x000000076b100000)
  object space 152064K, 36% used [0x00000006c1200000,0x00000006c479eba8,0x00000006ca680000)
 Metaspace       used 46883K, capacity 51112K, committed 51328K, reserved 1093632K
  class space    used 6186K, capacity 7238K, committed 7296K, reserved 1048576K
}
Event: 3514.283 GC heap before
{Heap before GC invocations=49 (full 20):
 PSYoungGen      total 388096K, used 259784K [0x000000076b100000, 0x0000000783980000, 0x00000007c0000000)
  eden space 375296K, 69% used [0x000000076b100000,0x000000077aeb2318,0x0000000781f80000)
  from space 12800K, 0% used [0x0000000782d00000,0x0000000782d00000,0x0000000783980000)
  to   space 13312K, 0% used [0x0000000781f80000,0x0000000781f80000,0x0000000782c80000)
 ParOldGen       total 152064K, used 54906K [0x00000006c1200000, 0x00000006ca680000, 0x000000076b100000)
  object space 152064K, 36% used [0x00000006c1200000,0x00000006c479eba8,0x00000006ca680000)
 Metaspace       used 47025K, capacity 51322K, committed 51584K, reserved 1093632K
  class space    used 6201K, capacity 7285K, committed 7296K, reserved 1048576K
Event: 3514.291 GC heap after
Heap after GC invocations=49 (full 20):
 PSYoungGen      total 384000K, used 8365K [0x000000076b100000, 0x0000000783880000, 0x00000007c0000000)
  eden space 375296K, 0% used [0x000000076b100000,0x000000076b100000,0x0000000781f80000)
  from space 8704K, 96% used [0x0000000781f80000,0x00000007827ab578,0x0000000782800000)
  to   space 12800K, 0% used [0x0000000782c00000,0x0000000782c00000,0x0000000783880000)
 ParOldGen       total 152064K, used 54914K [0x00000006c1200000, 0x00000006ca680000, 0x000000076b100000)
  object space 152064K, 36% used [0x00000006c1200000,0x00000006c47a0ba8,0x00000006ca680000)
 Metaspace       used 47025K, capacity 51322K, committed 51584K, reserved 1093632K
  class space    used 6201K, capacity 7285K, committed 7296K, reserved 1048576K
}
Event: 3514.291 GC heap before
{Heap before GC invocations=50 (full 21):
 PSYoungGen      total 384000K, used 8365K [0x000000076b100000, 0x0000000783880000, 0x00000007c0000000)
  eden space 375296K, 0% used [0x000000076b100000,0x000000076b100000,0x0000000781f80000)
  from space 8704K, 96% used [0x0000000781f80000,0x00000007827ab578,0x0000000782800000)
  to   space 12800K, 0% used [0x0000000782c00000,0x0000000782c00000,0x0000000783880000)
 ParOldGen       total 152064K, used 54914K [0x00000006c1200000, 0x00000006ca680000, 0x000000076b100000)
  object space 152064K, 36% used [0x00000006c1200000,0x00000006c47a0ba8,0x00000006ca680000)
 Metaspace       used 47025K, capacity 51322K, committed 51584K, reserved 1093632K
  class space    used 6201K, capacity 7285K, committed 7296K, reserved 1048576K
Event: 3514.418 GC heap after
Heap after GC invocations=50 (full 21):
 PSYoungGen      total 384000K, used 0K [0x000000076b100000, 0x0000000783880000, 0x00000007c0000000)
  eden space 375296K, 0% used [0x000000076b100000,0x000000076b100000,0x0000000781f80000)
  from space 8704K, 0% used [0x0000000781f80000,0x0000000781f80000,0x0000000782800000)
  to   space 12800K, 0% used [0x0000000782c00000,0x0000000782c00000,0x0000000783880000)
 ParOldGen       total 152064K, used 54963K [0x00000006c1200000, 0x00000006ca680000, 0x000000076b100000)
  object space 152064K, 36% used [0x00000006c1200000,0x00000006c47acea0,0x00000006ca680000)
 Metaspace       used 47020K, capacity 51310K, committed 51584K, reserved 1093632K
  class space    used 6200K, capacity 7281K, committed 7296K, reserved 1048576K
}
Event: 3572.316 GC heap before
{Heap before GC invocations=51 (full 21):
 PSYoungGen      total 384000K, used 258807K [0x000000076b100000, 0x0000000783880000, 0x00000007c0000000)
  eden space 375296K, 68% used [0x000000076b100000,0x000000077adbde80,0x0000000781f80000)
  from space 8704K, 0% used [0x0000000781f80000,0x0000000781f80000,0x0000000782800000)
  to   space 12800K, 0% used [0x0000000782c00000,0x0000000782c00000,0x0000000783880000)
 ParOldGen       total 152064K, used 54963K [0x00000006c1200000, 0x00000006ca680000, 0x000000076b100000)
  object space 152064K, 36% used [0x00000006c1200000,0x00000006c47acea0,0x00000006ca680000)
 Metaspace       used 47241K, capacity 51584K, committed 51712K, reserved 1093632K
  class space    used 6220K, capacity 7328K, committed 7424K, reserved 1048576K
Event: 3572.325 GC heap after
Heap after GC invocations=51 (full 21):
 PSYoungGen      total 388096K, used 8360K [0x000000076b100000, 0x0000000783880000, 0x00000007c0000000)
  eden space 375296K, 0% used [0x000000076b100000,0x000000076b100000,0x0000000781f80000)
  from space 12800K, 65% used [0x0000000782c00000,0x000000078342a088,0x0000000783880000)
  to   space 12800K, 0% used [0x0000000781f80000,0x0000000781f80000,0x0000000782c00000)
 ParOldGen       total 152064K, used 54971K [0x00000006c1200000, 0x00000006ca680000, 0x000000076b100000)
  object space 152064K, 36% used [0x00000006c1200000,0x00000006c47aeea0,0x00000006ca680000)
 Metaspace       used 47241K, capacity 51584K, committed 51712K, reserved 1093632K
  class space    used 6220K, capacity 7328K, committed 7424K, reserved 1048576K
}
Event: 3572.325 GC heap before
{Heap before GC invocations=52 (full 22):
 PSYoungGen      total 388096K, used 8360K [0x000000076b100000, 0x0000000783880000, 0x00000007c0000000)
  eden space 375296K, 0% used [0x000000076b100000,0x000000076b100000,0x0000000781f80000)
  from space 12800K, 65% used [0x0000000782c00000,0x000000078342a088,0x0000000783880000)
  to   space 12800K, 0% used [0x0000000781f80000,0x0000000781f80000,0x0000000782c00000)
 ParOldGen       total 152064K, used 54971K [0x00000006c1200000, 0x00000006ca680000, 0x000000076b100000)
  object space 152064K, 36% used [0x00000006c1200000,0x00000006c47aeea0,0x00000006ca680000)
 Metaspace       used 47241K, capacity 51584K, committed 51712K, reserved 1093632K
  class space    used 6220K, capacity 7328K, committed 7424K, reserved 1048576K
Event: 3572.500 GC heap after
Heap after GC invocations=52 (full 22):
 PSYoungGen      total 388096K, used 0K [0x000000076b100000, 0x0000000783880000, 0x00000007c0000000)
  eden space 375296K, 0% used [0x000000076b100000,0x000000076b100000,0x0000000781f80000)
  from space 12800K, 0% used [0x0000000782c00000,0x0000000782c00000,0x0000000783880000)
  to   space 12800K, 0% used [0x0000000781f80000,0x0000000781f80000,0x0000000782c00000)
 ParOldGen       total 152064K, used 55011K [0x00000006c1200000, 0x00000006ca680000, 0x000000076b100000)
  object space 152064K, 36% used [0x00000006c1200000,0x00000006c47b8c80,0x00000006ca680000)
 Metaspace       used 47236K, capacity 51572K, committed 51712K, reserved 1093632K
  class space    used 6219K, capacity 7324K, committed 7424K, reserved 1048576K
}

